<?xml version="1.0" encoding="utf-8"?>
<TestRun id="5650037e-d9d9-489f-b282-81f874e53285" name="@760bf9cf1481 2025-01-01 14:04:56" xmlns="http://microsoft.com/schemas/VisualStudio/TeamTest/2010">
  <Times creation="2025-01-01T14:04:56.1277662+00:00" queuing="2025-01-01T14:04:56.1277664+00:00" start="2025-01-01T14:04:44.7986770+00:00" finish="2025-01-01T14:05:00.9818392+00:00" />
  <TestSettings name="default" id="d237c84f-5ca6-427f-9d0c-dea4bb5fb3b9">
    <Deployment runDeploymentRoot="_760bf9cf1481_2025-01-01_14_04_56" />
  </TestSettings>
  <Results>
    <UnitTestResult executionId="64e90923-52a9-419f-811b-0e316eff01ac" testId="d4578188-4fcb-856b-9497-4e14bfa2776b" testName="FakebookIntegrationTests.Selenium.LoginPageTest.Test_LoginPage_InternalUser" computerName="760bf9cf1481" duration="00:00:06.4813746" startTime="2025-01-01T14:04:56.0532888+00:00" endTime="2025-01-01T14:04:56.0533270+00:00" testType="13cdc9d9-ddb5-4fa4-a97d-d965ccfc6d4b" outcome="Passed" testListId="8c84fa94-04c1-424b-9868-57a2d4851a1d" relativeResultsDirectory="64e90923-52a9-419f-811b-0e316eff01ac" />
    <UnitTestResult executionId="a1964bb3-1473-4630-84d3-b46684a6b892" testId="2b105cf9-4085-2175-7ef3-8a3e8f3e5ceb" testName="FakebookIntegrationTests.Selenium.LoginPageTest.Test_LoginPage_ExternalUser" computerName="760bf9cf1481" duration="00:00:04.6212304" startTime="2025-01-01T14:05:00.6741676+00:00" endTime="2025-01-01T14:05:00.6741678+00:00" testType="13cdc9d9-ddb5-4fa4-a97d-d965ccfc6d4b" outcome="Passed" testListId="8c84fa94-04c1-424b-9868-57a2d4851a1d" relativeResultsDirectory="a1964bb3-1473-4630-84d3-b46684a6b892" />
  </Results>
  <TestDefinitions>
    <UnitTest name="FakebookIntegrationTests.Selenium.LoginPageTest.Test_LoginPage_ExternalUser" storage="/var/jenkins_home/workspace/fb001-test_internal_user_login/src/test/fakebookintegrationtests/bin/debug/net6.0/fakebookintegrationtests.dll" id="2b105cf9-4085-2175-7ef3-8a3e8f3e5ceb">
      <Execution id="a1964bb3-1473-4630-84d3-b46684a6b892" />
      <TestMethod codeBase="/var/jenkins_home/workspace/FB001-Test_internal_user_login/src/test/FakebookIntegrationTests/bin/Debug/net6.0/FakebookIntegrationTests.dll" adapterTypeName="executor://xunit/VsTestRunner2/netcoreapp" className="FakebookIntegrationTests.Selenium.LoginPageTest" name="Test_LoginPage_ExternalUser" />
    </UnitTest>
    <UnitTest name="FakebookIntegrationTests.Selenium.LoginPageTest.Test_LoginPage_InternalUser" storage="/var/jenkins_home/workspace/fb001-test_internal_user_login/src/test/fakebookintegrationtests/bin/debug/net6.0/fakebookintegrationtests.dll" id="d4578188-4fcb-856b-9497-4e14bfa2776b">
      <Execution id="64e90923-52a9-419f-811b-0e316eff01ac" />
      <TestMethod codeBase="/var/jenkins_home/workspace/FB001-Test_internal_user_login/src/test/FakebookIntegrationTests/bin/Debug/net6.0/FakebookIntegrationTests.dll" adapterTypeName="executor://xunit/VsTestRunner2/netcoreapp" className="FakebookIntegrationTests.Selenium.LoginPageTest" name="Test_LoginPage_InternalUser" />
    </UnitTest>
  </TestDefinitions>
  <TestEntries>
    <TestEntry testId="d4578188-4fcb-856b-9497-4e14bfa2776b" executionId="64e90923-52a9-419f-811b-0e316eff01ac" testListId="8c84fa94-04c1-424b-9868-57a2d4851a1d" />
    <TestEntry testId="2b105cf9-4085-2175-7ef3-8a3e8f3e5ceb" executionId="a1964bb3-1473-4630-84d3-b46684a6b892" testListId="8c84fa94-04c1-424b-9868-57a2d4851a1d" />
  </TestEntries>
  <TestLists>
    <TestList name="Results Not in a List" id="8c84fa94-04c1-424b-9868-57a2d4851a1d" />
    <TestList name="All Loaded Results" id="19431567-8539-422a-85d7-44ee4e166bda" />
  </TestLists>
  <ResultSummary outcome="Completed">
    <Counters total="2" executed="2" passed="2" failed="0" error="0" timeout="0" aborted="0" inconclusive="0" passedButRunAborted="0" notRunnable="0" notExecuted="0" disconnected="0" warning="0" completed="0" inProgress="0" pending="0" />
    <Output>
      <StdOut>[xUnit.net 00:00:00.01] xUnit.net VSTest Adapter v2.4.5+1caef2f33e (64-bit .NET 6.0.36)
[xUnit.net 00:00:02.72]   Discovering: FakebookIntegrationTests
[xUnit.net 00:00:02.85]   Discovered:  FakebookIntegrationTests
[xUnit.net 00:00:02.86]   Starting:    FakebookIntegrationTests
[xUnit.net 00:00:14.17]   Finished:    FakebookIntegrationTests
</StdOut>
    </Output>
  </ResultSummary>
</TestRun>